2024-02-21 08:47:43: removed ad-hoc copying of wheels into sonatiner apps subdirectories in TNP_Atlas monorepo
2024-02-21 10:43:44: added GHB process flow in plugins
2024-02-21 16:41:27: updated WSL set up documentation
2024-02-21 16:43:55: added multi-repo architecture warning and choise to opti in for mono-repo architecture based set up, added better user feedback and some docstrings
2024-02-21 16:44:02: show
2024-02-21 16:44:49: arranged meetign with deloitte for ATLAS walkthrough
2024-02-21 16:45:16: fixed bug in app and behav PD calculation in GHB process flow
2024-02-22 08:02:28: updated Notion so that it redirects user to documentation in WSl set up repo
2024-02-22 16:17:19: Deloitte meeting around version control + access rights
2024-02-22 16:17:32: fixed socket issue
2024-02-22 16:17:47: built new image and pushed
2024-02-22 16:18:02: pushed branch on TNP_Atlas for review
2024-02-23 17:01:03: improved feedback/interaction in build_wheels.sh and adidng option to build wheels for a subset of plugins only
2024-02-23 17:01:52: removed docker desktop from windows entirely, and added option to opt-in for purely WSL installation of docker in wsl set up script
2024-02-23 17:02:24: explored multi-stage builds and dive CLI app for reducing image size
2024-02-23 18:39:34: switched to TUI tools to improve performance. I am very happy with it
2024-02-26 09:21:43: investigated low post affordability ECLs
2024-02-26 17:28:30: finalised GHB VM and it is up and running
2024-02-26 17:28:56: brought updates from GHB project to TNP project
2024-02-26 17:29:25: took care of some audit queries around affordability calculatioN
2024-02-26 17:30:01: produced new sqlite db for GHB data based on new ATLAS satabase and transfered over to TNP side
2024-02-26 17:33:50: started parametrising the output DBs, shcemas etc for the GHB process flow help deployment chart
2024-02-27 15:52:02: found and applied fix for  bug in application scorecard (max_applicant age) + data issue with original asset term not being static
2024-02-27 15:52:13: generated some data for auditors
2024-02-27 15:53:04: discussed affordability calculation with auditors, they want either portfolio level churn rate or decoupling of churn rate from affordability calculation
2024-02-27 15:53:35: tested changes made to update data extraction config on TNP GHB process flow project
2024-02-28 07:18:07: managed to run PM end to end. fiddled with memory allocation on .wslconfig
2024-02-28 07:18:30: deployment almost ready to run and parametrised for testing an true deployment
2024-02-28 07:49:12: deployment almost ready to run and parametrised for testing an true deploymentcls
2024-03-01 12:47:18: switched form polars database write back-end to pandas to improve execution times
2024-03-01 12:47:40: enhanced the bash-hackz documentation
2024-03-01 12:48:10: updated socket messaging to send task name only (no task run id)
2024-03-01 12:48:27: sending final flow completion message via socket
2024-03-01 12:48:37: testing updated GHB process flow deployment
2024-03-04 08:46:36: working on refactoring the database module in tnp_utilities
2024-03-13 17:30:55: learned how to use prefect hooks properly
